<?xml version="1.0" encoding="UTF-8"?>
<!-- Generated by org.testng.reporters.JUnitXMLReporter -->
<testsuite ignored="0" hostname="DESKTOP-3FP63OO" failures="1" tests="2" name="Test" time="31.015" errors="0" timestamp="2024-12-26T00:36:48 IST">
  <testcase classname="testCases.TC001_AccountRegistrationTest" name="verifyAccountRegistration" time="4.527"/>
  <testcase classname="testCases.TC002_LoginTest" name="verifyLogin" time="10.314">
    <failure type="java.lang.AssertionError" message="null">
      <![CDATA[java.lang.AssertionError: null
at testCases.TC002_LoginTest.verifyLogin(TC002_LoginTest.java:44)
at java.base/java.util.ArrayList.forEach(ArrayList.java:1596)
... Removed 27 stack frames]]>
    </failure>
  </testcase> <!-- verifyLogin -->
</testsuite> <!-- Test -->
